GMT 6:02 Aug 17, 2015
unix start of century = 946684800
expected time = 1439791320
expected minute = 8218442

     11010010111001101011111000
     01234567890123456789012345
p0:1 x x xxx xx   xxxxx  xx x
p1:0  x x xxx xx   xxxxx  xx x
p2:1   x x xxx xx   xxxxx  xx x
p3:0 x xxx xx   xxxxx  xx x  x
p4:1  x xxx xx   xxxxx  xx x  x


50: found end of pm sync
E: 12/49
                                           01010010111001101011111000
[pm] partial data: s=00010110111000,p=,  t=0101010110000000000000xxxx,T= ,R=00,l=11000,N=0,n=110110
110: found end of pm sync
todo: p=
E: 6/55
                                           11010010111001101011111000
[pm] full data: s=00010110111000,p=01000,t=11010101100001101011110000,T=1,R=00,l=11000,N=0,n=110110
170: found end of pm sync
E: 5/55
                                           00110010111001101011111000
[pm] full data: s=00010110111000,p=00100,t=00110101100001101011111000,T=0,R=00,l=11000,N=0,n=110110
230: sync not found
E: 17/55
                                           10110010111001101011111000
[pm] full data: s=00010111111000,p=01001,t=10110101100001100100000111,T=0,R=00,l=11000,N=0,n=110110
290: found end of pm sync
E: 5/55
                                           01110010111001101011111000
[pm] full data: s=00010110111000,p=01101,t=01110101100001101011111000,T=0,R=00,l=11000,N=0,n=110110
350: found end of pm sync
E: 14/55
                                           11110010111001101011111000
[pm] full data: s=00010110111000,p=10000,t=11110101100001101000000111,T=0,R=00,l=11000,N=0,n=110110
410: found end of pm sync
E: 4/55
                                           00001010111001101011111000
[pm] full data: s=00010110111000,p=01110,t=00001101101001101011111000,T=0,R=00,l=11000,N=0,n=110110
470: found end of pm sync
E: 16/55
                                           10001010111001101011111000
[pm] full data: s=00010110111000,p=00011,t=10001101100001100100000111,T=0,R=00,l=11000,N=0,n=110110
530: found end of pm sync
E: 6/55
                                           01001010111001101011111000
[pm] full data: s=00010110111000,p=00111,t=01011101100001101011111000,T=0,R=00,l=11000,N=0,n=110110
590: found end of pm sync
E: 16/55
                                           11001010111001101011111000
[pm] full data: s=00010110111000,p=01010,t=11001101100001100100000111,T=0,R=00,l=11000,N=0,n=110110
650: found end of pm sync
E: 23/55
                                           00101010111001101011111000
[pm] full data: s=00010110111000,p=00111,t=00100010011110010100000111,T=1,R=11,l=11000,N=0,n=100110
710: found end of pm sync
E: 10/55
                                           10101010111001101011111000
[pm] full data: s=00010110111000,p=01011,t=10111101100101111011111000,T=1,R=01,l=11000,N=0,n=110110
770: found end of pm sync
E: 5/55
                                           01101010111001101011111000
[pm] full data: s=00010110111000,p=11110,t=01101101100001101011111000,T=0,R=00,l=11000,N=0,n=110110
830: found end of pm sync
E: 31/55
                                           11101010111001101011111000
[pm] full data: s=00010110111000,p=11100,t=00010010011110010100000111,T=0,R=11,l=00111,N=1,n=110111

